<?xml version="1.0" encoding="UTF-8"?>
<!-- Generated by org.testng.reporters.JUnitXMLReporter -->
<testsuite ignored="3" hostname="DESKTOP-CJORDV5" failures="0" tests="1" name="Default test" time="20.82" errors="0" timestamp="2023-02-20T20:08:05 EST">
  <testcase classname="tests.CreateAccountTest" name="mergeAccountTest" time="13.952"/>
  <testcase classname="tests.CreateAccountTest" name="AccountCreateTest" time="0.0">
    <ignored/>
  </testcase> <!-- AccountCreateTest -->
  <testcase classname="tests.CreateAccountTest" name="editViewTest" time="0.0">
    <ignored/>
  </testcase> <!-- editViewTest -->
  <testcase classname="tests.CreateAccountTest" name="CreateNewViewTest" time="0.0">
    <ignored/>
  </testcase> <!-- CreateNewViewTest -->
</testsuite> <!-- Default test -->
