<?xml version="1.0" encoding="UTF-8"?>
<testng-results ignored="3" total="4" passed="1" failed="0" skipped="0">
  <reporter-output>
  </reporter-output>
  <suite started-at="2023-02-20T20:07:44 EST" name="Default suite" finished-at="2023-02-20T20:08:05 EST" duration-ms="20820">
    <groups>
    </groups>
    <test started-at="2023-02-20T20:07:44 EST" name="Default test" finished-at="2023-02-20T20:08:05 EST" duration-ms="20820">
      <class name="tests.CreateAccountTest">
        <test-method is-config="true" signature="setUpbeforeTest()[pri:0, instance:tests.CreateAccountTest@5f058f00]" started-at="2023-02-20T20:07:44 EST" name="setUpbeforeTest" finished-at="2023-02-20T20:07:45 EST" duration-ms="662" status="PASS">
          <reporter-output>
          </reporter-output>
        </test-method> <!-- setUpbeforeTest -->
        <test-method is-config="true" signature="setupBeforeMethod(java.lang.String,java.lang.reflect.Method)[pri:0, instance:tests.CreateAccountTest@5f058f00]" started-at="2023-02-20T20:07:45 EST" name="setupBeforeMethod" finished-at="2023-02-20T20:07:51 EST" duration-ms="5596" status="PASS">
          <params>
            <param index="0">
              <value>
                <![CDATA[chrome]]>
              </value>
            </param>
            <param index="1">
              <value>
                <![CDATA[public void tests.CreateAccountTest.mergeAccountTest()]]>
              </value>
            </param>
          </params>
          <reporter-output>
          </reporter-output>
        </test-method> <!-- setupBeforeMethod -->
        <test-method signature="mergeAccountTest()[pri:0, instance:tests.CreateAccountTest@5f058f00]" started-at="2023-02-20T20:07:51 EST" name="mergeAccountTest" finished-at="2023-02-20T20:08:05 EST" duration-ms="13952" status="PASS">
          <reporter-output>
          </reporter-output>
        </test-method> <!-- mergeAccountTest -->
        <test-method is-config="true" signature="teardownAfterMethod()[pri:0, instance:tests.CreateAccountTest@5f058f00]" started-at="2023-02-20T20:08:05 EST" name="teardownAfterMethod" finished-at="2023-02-20T20:08:05 EST" duration-ms="216" status="PASS">
          <reporter-output>
          </reporter-output>
        </test-method> <!-- teardownAfterMethod -->
      </class> <!-- tests.CreateAccountTest -->
    </test> <!-- Default test -->
  </suite> <!-- Default suite -->
</testng-results>
